loading VQA annotations and questions into memory...
creating index...
index created!
loading VQA annotations and questions into memory...
creating index...
index created!
248349 121512
Epoch: 1/10
0
0
0.32411807345360827

Validation
0
0
0.3720867074856804
Saving Checkpoint
Epoch: 2/10
970
1
0.3636638208762887

Validation
475
1
0.34440219895977353
Updating Checkpoint
Epoch: 3/10
1940
2
0.39056862113402063

Validation
950
2
0.3145615247876753
Updating Checkpoint
Epoch: 4/10
2910
3
0.4103656572164949

Validation
1425
3
0.4142965303838304
Saving Checkpoint
Epoch: 5/10
3880
4
0.4253745167525773

Validation
1900
4
0.40206728553558496
Updating Checkpoint
Epoch: 6/10
4850
5
0.43806378865979384

Validation
2375
5
0.4421785502666403
Saving Checkpoint
Epoch: 7/10
5820
6
0.4494885631443299

Validation
2850
6
0.5028063071959971
Saving Checkpoint
Epoch: 8/10
6790
7
0.4590689432989691

Validation
3325
7
0.4780762393837646
Updating Checkpoint
Epoch: 9/10
7760
8
0.466772712628866

Validation
3800
8
0.4984775166238725
Updating Checkpoint
Epoch: 10/10
8730
9
0.4736952319587629

Validation
4275
9
0.5150437816841135
Saving Checkpoint
